#
# There is insufficient memory for the Java Runtime Environment to continue.
# Native memory allocation (malloc) failed to allocate 34016 bytes for Chunk::new
# Possible reasons:
#   The system is out of physical RAM or swap space
#   The process is running with CompressedOops enabled, and the Java Heap may be blocking the growth of the native heap
# Possible solutions:
#   Reduce memory load on the system
#   Increase physical memory or swap space
#   Check if swap backing store is full
#   Decrease Java heap size (-Xmx/-Xms)
#   Decrease number of Java threads
#   Decrease Java thread stack sizes (-Xss)
#   Set larger code cache with -XX:ReservedCodeCacheSize=
#   JVM is running with Unscaled Compressed Oops mode in which the Java heap is
#     placed in the first 4GB address space. The Java Heap base address is the
#     maximum limit for the native heap growth. Please use -XX:HeapBaseMinAddress
#     to set the Java Heap base and to place the Java Heap above 4GB virtual address.
# This output file may be truncated or incomplete.
#
#  Out of Memory Error (allocation.cpp:389), pid=17512, tid=0x000000000000311c
#
# JRE version: OpenJDK Runtime Environment (8.0_242-b01) (build 1.8.0_242-release-1644-b01)
# Java VM: OpenJDK 64-Bit Server VM (25.242-b01 mixed mode windows-amd64 compressed oops)
# Failed to write core dump. Minidumps are not enabled by default on client versions of Windows
#

---------------  T H R E A D  ---------------

Current thread (0x000000001724b000):  JavaThread "C2 CompilerThread1" daemon [_thread_in_native, id=12572, stack(0x00000000189a0000,0x0000000018aa0000)]

Stack: [0x00000000189a0000,0x0000000018aa0000]
[error occurred during error reporting (printing stack bounds), id 0xc0000005]

Native frames: (J=compiled Java code, j=interpreted, Vv=VM code, C=native code)


Current CompileTask:
C2: 125051 5254   !   4       java.net.URLClassLoader::definePackageInternal (81 bytes)


---------------  P R O C E S S  ---------------

Java Threads: ( => current thread )
  0x000000001b6c8800 JavaThread "Cache worker for file content cache (C:\Users\Hp\AndroidStudioProjects\Sqlite1\.gradle\6.5\fileContent)" [_thread_blocked, id=18948, stack(0x000000001cbc0000,0x000000001ccc0000)]
  0x000000001b6c4800 JavaThread "Memory manager" [_thread_blocked, id=17064, stack(0x0000000000970000,0x0000000000a70000)]
  0x000000001b6d0000 JavaThread "Cache worker for Build Output Cleanup Cache (C:\Users\Hp\AndroidStudioProjects\Sqlite1\.gradle\buildOutputCleanup)" [_thread_blocked, id=18684, stack(0x0000000026d60000,0x0000000026e60000)]
  0x000000001b6cb800 JavaThread "jar transforms Thread 92" [_thread_blocked, id=13960, stack(0x0000000026a60000,0x0000000026b60000)]
  0x000000001a563800 JavaThread "Build operations Thread 4" [_thread_blocked, id=7892, stack(0x0000000020e60000,0x0000000020f60000)]
  0x000000001a568000 JavaThread "Build operations Thread 3" [_thread_blocked, id=4188, stack(0x0000000020d60000,0x0000000020e60000)]
  0x000000001a565800 JavaThread "Build operations Thread 2" [_thread_blocked, id=1276, stack(0x0000000020c60000,0x0000000020d60000)]
  0x000000001a566800 JavaThread "Build operations" [_thread_blocked, id=19324, stack(0x0000000020b60000,0x0000000020c60000)]
  0x0000000019d5f800 JavaThread "Cache worker for file content cache (C:\Users\Hp\.gradle\caches\6.5\fileContent)" [_thread_blocked, id=15892, stack(0x000000001f490000,0x000000001f590000)]
  0x0000000019d65800 JavaThread "Cache worker for execution history cache (C:\Users\Hp\.gradle\caches\6.5\executionHistory)" [_thread_blocked, id=7928, stack(0x000000001ec90000,0x000000001ed90000)]
  0x0000000019d62800 JavaThread "Cache worker for cache directory md-rule (C:\Users\Hp\.gradle\caches\6.5\md-rule)" [_thread_blocked, id=9072, stack(0x000000001eb90000,0x000000001ec90000)]
  0x0000000019d61800 JavaThread "Cache worker for cache directory md-supplier (C:\Users\Hp\.gradle\caches\6.5\md-supplier)" [_thread_blocked, id=8648, stack(0x000000001ea90000,0x000000001eb90000)]
  0x0000000019d64800 JavaThread "Cache worker for checksums cache (C:\Users\Hp\AndroidStudioProjects\Sqlite1\.gradle\checksums)" [_thread_blocked, id=9596, stack(0x000000001e990000,0x000000001ea90000)]
  0x0000000019d64000 JavaThread "Cache worker for file hash cache (C:\Users\Hp\AndroidStudioProjects\Sqlite1\.gradle\6.5\fileHashes)" [_thread_blocked, id=18452, stack(0x000000001e690000,0x000000001e790000)]
  0x0000000019d63000 JavaThread "Cache worker for file hash cache (C:\Users\Hp\.gradle\caches\6.5\fileHashes)" [_thread_blocked, id=8148, stack(0x000000001e190000,0x000000001e290000)]
  0x000000001a07b800 JavaThread "File lock request listener" [_thread_in_native, id=19200, stack(0x000000001d0c0000,0x000000001d1c0000)]
  0x000000001a07a800 JavaThread "Cache worker for journal cache (C:\Users\Hp\.gradle\caches\journal-1)" [_thread_blocked, id=13604, stack(0x000000001cfc0000,0x000000001d0c0000)]
  0x000000001a288800 JavaThread "Thread-9" [_thread_blocked, id=15472, stack(0x000000001ccc0000,0x000000001cdc0000)]
  0x0000000019e9f800 JavaThread "Asynchronous log dispatcher for DefaultDaemonConnection: socket connection from /127.0.0.1:58715 to /127.0.0.1:58716" [_thread_blocked, id=3436, stack(0x000000001cac0000,0x000000001cbc0000)]
  0x0000000019803800 JavaThread "Daemon worker" [_thread_in_native, id=3380, stack(0x000000001c9c0000,0x000000001cac0000)]
  0x000000001a083800 JavaThread "Cancel handler" [_thread_blocked, id=17904, stack(0x000000001c8c0000,0x000000001c9c0000)]
  0x0000000018f39000 JavaThread "Handler for socket connection from /127.0.0.1:58715 to /127.0.0.1:58716" [_thread_in_native, id=8628, stack(0x000000001c7c0000,0x000000001c8c0000)]
  0x0000000018f8e800 JavaThread "Daemon" [_thread_blocked, id=15040, stack(0x000000001c6c0000,0x000000001c7c0000)]
  0x000000001ac21000 JavaThread "Daemon periodic checks" [_thread_blocked, id=6720, stack(0x000000001c3c0000,0x000000001c4c0000)]
  0x000000001ac1f800 JavaThread "Incoming local TCP Connector on port 58715" [_thread_in_native, id=19344, stack(0x000000001c180000,0x000000001c280000)]
  0x000000001abee000 JavaThread "Daemon health stats" [_thread_blocked, id=13508, stack(0x000000001bb40000,0x000000001bc40000)]
  0x0000000018bc3000 JavaThread "Service Thread" daemon [_thread_blocked, id=9892, stack(0x0000000018fa0000,0x00000000190a0000)]
  0x0000000017253000 JavaThread "C1 CompilerThread2" daemon [_thread_blocked, id=8680, stack(0x0000000018aa0000,0x0000000018ba0000)]
=>0x000000001724b000 JavaThread "C2 CompilerThread1" daemon [_thread_in_native, id=12572, stack(0x00000000189a0000,0x0000000018aa0000)]
  0x0000000017247000 JavaThread "C2 CompilerThread0" daemon [_thread_in_native, id=9552, stack(0x00000000188a0000,0x00000000189a0000)]
  0x0000000017246000 JavaThread "Attach Listener" daemon [_thread_blocked, id=16132, stack(0x00000000187a0000,0x00000000188a0000)]
  0x0000000017245000 JavaThread "Signal Dispatcher" daemon [_thread_blocked, id=7576, stack(0x00000000186a0000,0x00000000187a0000)]
  0x000000000261d000 JavaThread "Finalizer" daemon [_thread_blocked, id=6752, stack(0x00000000184a0000,0x00000000185a0000)]
  0x0000000017229000 JavaThread "Reference Handler" daemon [_thread_blocked, id=16340, stack(0x00000000183a0000,0x00000000184a0000)]
  0x00000000023ae000 JavaThread "main" [_thread_blocked, id=7980, stack(0x0000000002420000,0x0000000002520000)]

Other Threads:
  0x0000000017206800 VMThread [stack: 0x00000000182a0000,0x00000000183a0000] [id=3192]
  0x0000000018bc5800 WatcherThread [stack: 0x00000000190a0000,0x00000000191a0000] [id=8504]

VM state:not at safepoint (normal execution)

VM Mutex/Monitor currently owned by a thread: None

heap address: 0x0000000080000000, size: 2048 MB, Compressed Oops mode: 32-bit
Narrow klass base: 0x0000000000000000, Narrow klass shift: 3
Compressed class space size: 1073741824 Address: 0x0000000100000000

Heap:
 PSYoungGen      total 270336K, used 22216K [0x00000000d5580000, 0x00000000e7900000, 0x0000000100000000)
  eden space 253440K, 8% used [0x00000000d5580000,0x00000000d6b323f0,0x00000000e4d00000)
  from space 16896K, 0% used [0x00000000e6500000,0x00000000e6500000,0x00000000e7580000)
  to   space 22528K, 0% used [0x00000000e4d00000,0x00000000e4d00000,0x00000000e6300000)
 ParOldGen       total 87552K, used 36283K [0x0000000080000000, 0x0000000085580000, 0x00000000d5580000)
  object space 87552K, 41% used [0x0000000080000000,0x000000008236ee88,0x0000000085580000)
 Metaspace       used 58175K, capacity 60488K, committed 60824K, reserved 1101824K
  class space    used 8035K, capacity 8521K, committed 8624K, reserved 1048576K

Card table byte_map: [0x00000000119e0000,0x0000000011df0000] byte_map_base: 0x00000000115e0000

Marking Bits: (ParMarkBitMap*) 0x000000006d9df030
 Begin Bits: [0x00000000124a0000, 0x00000000144a0000)
 End Bits:   [0x00000000144a0000, 0x00000000164a0000)

Polling page: 0x00000000005f0000

CodeCache: size=245760Kb used=15303Kb max_used=15542Kb free=230456Kb
 bounds [0x0000000002620000, 0x0000000003570000, 0x0000000011620000]
 total_blobs=5369 nmethods=4593 adapters=688
 compilation: enabled

Compilation events (10 events):
Event: 124.551 Thread 0x0000000017253000 nmethod 5253 0x00000000031e2350 code [0x00000000031e24a0, 0x00000000031e25f0]
Event: 124.553 Thread 0x000000001724b000 5254   !   4       java.net.URLClassLoader::definePackageInternal (81 bytes)
Event: 124.558 Thread 0x0000000017253000 5255       3       sun.reflect.generics.parser.SignatureParser::parseClassTypeSignature (118 bytes)
Event: 124.563 Thread 0x0000000017253000 nmethod 5255 0x0000000002d8afd0 code [0x0000000002d8b380, 0x0000000002d8cf28]
Event: 124.563 Thread 0x0000000017253000 5256       3       sun.reflect.generics.parser.SignatureParser::parseClassTypeSignatureSuffix (29 bytes)
Event: 124.564 Thread 0x0000000017253000 nmethod 5256 0x0000000002d04190 code [0x0000000002d04340, 0x0000000002d046b8]
Event: 124.564 Thread 0x0000000017253000 5257       3       sun.reflect.generics.tree.ClassTypeSignature::make (9 bytes)
Event: 124.564 Thread 0x0000000017253000 nmethod 5257 0x00000000028f33d0 code [0x00000000028f3540, 0x00000000028f3790]
Event: 124.564 Thread 0x0000000017253000 5258       3       sun.reflect.generics.tree.ClassTypeSignature::<init> (10 bytes)
Event: 124.565 Thread 0x0000000017253000 nmethod 5258 0x0000000003401750 code [0x00000000034018a0, 0x0000000003401a70]

GC Heap History (10 events):
Event: 27.441 GC heap before
{Heap before GC invocations=9 (full 1):
 PSYoungGen      total 140800K, used 34819K [0x00000000d5580000, 0x00000000e2e80000, 0x0000000100000000)
  eden space 131072K, 19% used [0x00000000d5580000,0x00000000d6e086b0,0x00000000dd580000)
  from space 9728K, 99% used [0x00000000dd580000,0x00000000ddef8790,0x00000000ddf00000)
  to   space 13824K, 0% used [0x00000000e2100000,0x00000000e2100000,0x00000000e2e80000)
 ParOldGen       total 41984K, used 15848K [0x0000000080000000, 0x0000000082900000, 0x00000000d5580000)
  object space 41984K, 37% used [0x0000000080000000,0x0000000080f7a3a8,0x0000000082900000)
 Metaspace       used 34275K, capacity 35404K, committed 35496K, reserved 1079296K
  class space    used 4712K, capacity 5001K, committed 5040K, reserved 1048576K
Event: 27.483 GC heap after
Heap after GC invocations=9 (full 1):
 PSYoungGen      total 208896K, used 7923K [0x00000000d5580000, 0x00000000e3880000, 0x0000000100000000)
  eden space 195072K, 0% used [0x00000000d5580000,0x00000000d5580000,0x00000000e1400000)
  from space 13824K, 57% used [0x00000000e2100000,0x00000000e28bcdd8,0x00000000e2e80000)
  to   space 13312K, 0% used [0x00000000e1400000,0x00000000e1400000,0x00000000e2100000)
 ParOldGen       total 41984K, used 15856K [0x0000000080000000, 0x0000000082900000, 0x00000000d5580000)
  object space 41984K, 37% used [0x0000000080000000,0x0000000080f7c3a8,0x0000000082900000)
 Metaspace       used 34275K, capacity 35404K, committed 35496K, reserved 1079296K
  class space    used 4712K, capacity 5001K, committed 5040K, reserved 1048576K
}
Event: 27.483 GC heap before
{Heap before GC invocations=10 (full 2):
 PSYoungGen      total 208896K, used 7923K [0x00000000d5580000, 0x00000000e3880000, 0x0000000100000000)
  eden space 195072K, 0% used [0x00000000d5580000,0x00000000d5580000,0x00000000e1400000)
  from space 13824K, 57% used [0x00000000e2100000,0x00000000e28bcdd8,0x00000000e2e80000)
  to   space 13312K, 0% used [0x00000000e1400000,0x00000000e1400000,0x00000000e2100000)
 ParOldGen       total 41984K, used 15856K [0x0000000080000000, 0x0000000082900000, 0x00000000d5580000)
  object space 41984K, 37% used [0x0000000080000000,0x0000000080f7c3a8,0x0000000082900000)
 Metaspace       used 34275K, capacity 35404K, committed 35496K, reserved 1079296K
  class space    used 4712K, capacity 5001K, committed 5040K, reserved 1048576K
Event: 27.590 GC heap after
Heap after GC invocations=10 (full 2):
 PSYoungGen      total 208896K, used 0K [0x00000000d5580000, 0x00000000e3880000, 0x0000000100000000)
  eden space 195072K, 0% used [0x00000000d5580000,0x00000000d5580000,0x00000000e1400000)
  from space 13824K, 0% used [0x00000000e2100000,0x00000000e2100000,0x00000000e2e80000)
  to   space 13312K, 0% used [0x00000000e1400000,0x00000000e1400000,0x00000000e2100000)
 ParOldGen       total 54784K, used 14252K [0x0000000080000000, 0x0000000083580000, 0x00000000d5580000)
  object space 54784K, 26% used [0x0000000080000000,0x0000000080deb388,0x0000000083580000)
 Metaspace       used 34275K, capacity 35404K, committed 35496K, reserved 1079296K
  class space    used 4712K, capacity 5001K, committed 5040K, reserved 1048576K
}
Event: 57.676 GC heap before
{Heap before GC invocations=11 (full 2):
 PSYoungGen      total 208896K, used 195072K [0x00000000d5580000, 0x00000000e3880000, 0x0000000100000000)
  eden space 195072K, 100% used [0x00000000d5580000,0x00000000e1400000,0x00000000e1400000)
  from space 13824K, 0% used [0x00000000e2100000,0x00000000e2100000,0x00000000e2e80000)
  to   space 13312K, 0% used [0x00000000e1400000,0x00000000e1400000,0x00000000e2100000)
 ParOldGen       total 54784K, used 14252K [0x0000000080000000, 0x0000000083580000, 0x00000000d5580000)
  object space 54784K, 26% used [0x0000000080000000,0x0000000080deb388,0x0000000083580000)
 Metaspace       used 45740K, capacity 47460K, committed 47784K, reserved 1091584K
  class space    used 6185K, capacity 6542K, committed 6576K, reserved 1048576K
Event: 57.701 GC heap after
Heap after GC invocations=11 (full 2):
 PSYoungGen      total 208384K, used 13311K [0x00000000d5580000, 0x00000000e7580000, 0x0000000100000000)
  eden space 195072K, 0% used [0x00000000d5580000,0x00000000d5580000,0x00000000e1400000)
  from space 13312K, 99% used [0x00000000e1400000,0x00000000e20fff90,0x00000000e2100000)
  to   space 16896K, 0% used [0x00000000e6500000,0x00000000e6500000,0x00000000e7580000)
 ParOldGen       total 54784K, used 18047K [0x0000000080000000, 0x0000000083580000, 0x00000000d5580000)
  object space 54784K, 32% used [0x0000000080000000,0x000000008119fec0,0x0000000083580000)
 Metaspace       used 45740K, capacity 47460K, committed 47784K, reserved 1091584K
  class space    used 6185K, capacity 6542K, committed 6576K, reserved 1048576K
}
Event: 111.461 GC heap before
{Heap before GC invocations=12 (full 2):
 PSYoungGen      total 208384K, used 145522K [0x00000000d5580000, 0x00000000e7580000, 0x0000000100000000)
  eden space 195072K, 67% used [0x00000000d5580000,0x00000000dd69c870,0x00000000e1400000)
  from space 13312K, 99% used [0x00000000e1400000,0x00000000e20fff90,0x00000000e2100000)
  to   space 16896K, 0% used [0x00000000e6500000,0x00000000e6500000,0x00000000e7580000)
 ParOldGen       total 54784K, used 18047K [0x0000000080000000, 0x0000000083580000, 0x00000000d5580000)
  object space 54784K, 32% used [0x0000000080000000,0x000000008119fec0,0x0000000083580000)
 Metaspace       used 56818K, capacity 59122K, committed 59160K, reserved 1099776K
  class space    used 7771K, capacity 8234K, committed 8240K, reserved 1048576K
Event: 111.508 GC heap after
Heap after GC invocations=12 (full 2):
 PSYoungGen      total 270336K, used 16879K [0x00000000d5580000, 0x00000000e7900000, 0x0000000100000000)
  eden space 253440K, 0% used [0x00000000d5580000,0x00000000d5580000,0x00000000e4d00000)
  from space 16896K, 99% used [0x00000000e6500000,0x00000000e757bf38,0x00000000e7580000)
  to   space 22528K, 0% used [0x00000000e4d00000,0x00000000e4d00000,0x00000000e6300000)
 ParOldGen       total 54784K, used 25647K [0x0000000080000000, 0x0000000083580000, 0x00000000d5580000)
  object space 54784K, 46% used [0x0000000080000000,0x000000008190bc48,0x0000000083580000)
 Metaspace       used 56818K, capacity 59122K, committed 59160K, reserved 1099776K
  class space    used 7771K, capacity 8234K, committed 8240K, reserved 1048576K
}
Event: 111.508 GC heap before
{Heap before GC invocations=13 (full 3):
 PSYoungGen      total 270336K, used 16879K [0x00000000d5580000, 0x00000000e7900000, 0x0000000100000000)
  eden space 253440K, 0% used [0x00000000d5580000,0x00000000d5580000,0x00000000e4d00000)
  from space 16896K, 99% used [0x00000000e6500000,0x00000000e757bf38,0x00000000e7580000)
  to   space 22528K, 0% used [0x00000000e4d00000,0x00000000e4d00000,0x00000000e6300000)
 ParOldGen       total 54784K, used 25647K [0x0000000080000000, 0x0000000083580000, 0x00000000d5580000)
  object space 54784K, 46% used [0x0000000080000000,0x000000008190bc48,0x0000000083580000)
 Metaspace       used 56818K, capacity 59122K, committed 59160K, reserved 1099776K
  class space    used 7771K, capacity 8234K, committed 8240K, reserved 1048576K
Event: 111.802 GC heap after
Heap after GC invocations=13 (full 3):
 PSYoungGen      total 270336K, used 0K [0x00000000d5580000, 0x00000000e7900000, 0x0000000100000000)
  eden space 253440K, 0% used [0x00000000d5580000,0x00000000d5580000,0x00000000e4d00000)
  from space 16896K, 0% used [0x00000000e6500000,0x00000000e6500000,0x00000000e7580000)
  to   space 22528K, 0% used [0x00000000e4d00000,0x00000000e4d00000,0x00000000e6300000)
 ParOldGen       total 87552K, used 36283K [0x0000000080000000, 0x0000000085580000, 0x00000000d5580000)
  object space 87552K, 41% used [0x0000000080000000,0x000000008236ee88,0x0000000085580000)
 Metaspace       used 56804K, capacity 59074K, committed 59160K, reserved 1099776K
  class space    used 7767K, capacity 8226K, committed 8240K, reserved 1048576K
}

Deoptimization events (10 events):
Event: 104.347 Thread 0x0000000019803800 Uncommon trap: reason=unstable_if action=reinterpret pc=0x0000000003236d60 method=org.objectweb.asm.ByteVector.putInt(I)Lorg/objectweb/asm/ByteVector; @ 13
Event: 104.671 Thread 0x0000000019803800 Uncommon trap: reason=unstable_if action=reinterpret pc=0x00000000029594c4 method=java.util.HashMap.resize()[Ljava/util/HashMap$Node; @ 206
Event: 104.671 Thread 0x0000000019803800 Uncommon trap: reason=unstable_if action=reinterpret pc=0x000000000323b648 method=java.util.HashMap.getNode(ILjava/lang/Object;)Ljava/util/HashMap$Node; @ 84
Event: 104.671 Thread 0x0000000019803800 Uncommon trap: reason=unstable_if action=reinterpret pc=0x0000000002775170 method=java.util.HashMap.getNode(ILjava/lang/Object;)Ljava/util/HashMap$Node; @ 84
Event: 105.636 Thread 0x0000000019803800 Uncommon trap: reason=unstable_if action=reinterpret pc=0x0000000002fcd500 method=java.io.WinNTFileSystem.normalize(Ljava/lang/String;)Ljava/lang/String; @ 74
Event: 105.636 Thread 0x0000000019803800 Uncommon trap: reason=unstable_if action=reinterpret pc=0x0000000002c4c7b0 method=java.io.WinNTFileSystem.normalize(Ljava/lang/String;II)Ljava/lang/String; @ 103
Event: 112.798 Thread 0x0000000019803800 Uncommon trap: reason=bimorphic action=maybe_recompile pc=0x00000000033743d4 method=java.util.regex.Pattern$5.isSatisfiedBy(I)Z @ 16
Event: 112.798 Thread 0x0000000019803800 Uncommon trap: reason=bimorphic action=maybe_recompile pc=0x00000000033743d4 method=java.util.regex.Pattern$5.isSatisfiedBy(I)Z @ 16
Event: 112.798 Thread 0x0000000019803800 Uncommon trap: reason=bimorphic action=maybe_recompile pc=0x00000000033743d4 method=java.util.regex.Pattern$5.isSatisfiedBy(I)Z @ 16
Event: 112.798 Thread 0x0000000019803800 Uncommon trap: reason=bimorphic action=maybe_recompile pc=0x00000000033743d4 method=java.util.regex.Pattern$5.isSatisfiedBy(I)Z @ 16

Classes redefined (0 events):
No events

Internal exceptions (10 events):
Event: 102.133 Thread 0x0000000019803800 Exception <a 'java/lang/ClassNotFoundException': com/android/build/gradle/internal/api/ApkVariantOutputImplBeanInfo> (0x00000000dc083dd0) thrown at [C:\src\AOSP-openjdk-git\hotspot\src\share\vm\classfile\systemDictionary.cpp, line 210]
Event: 102.133 Thread 0x0000000019803800 Exception <a 'java/lang/ClassNotFoundException': com/android/build/gradle/internal/api/BaseVariantOutputImplBeanInfo> (0x00000000dc0a2208) thrown at [C:\src\AOSP-openjdk-git\hotspot\src\share\vm\classfile\systemDictionary.cpp, line 210]
Event: 102.134 Thread 0x0000000019803800 Exception <a 'java/lang/ClassNotFoundException': com/android/build/gradle/internal/api/BaseVariantOutputImplCustomizer> (0x00000000dc0c0ba0) thrown at [C:\src\AOSP-openjdk-git\hotspot\src\share\vm\classfile\systemDictionary.cpp, line 210]
Event: 102.136 Thread 0x0000000019803800 Exception <a 'java/lang/ClassNotFoundException': com/android/build/gradle/internal/api/ApkVariantOutputImplCustomizer> (0x00000000dc0f9348) thrown at [C:\src\AOSP-openjdk-git\hotspot\src\share\vm\classfile\systemDictionary.cpp, line 210]
Event: 102.138 Thread 0x0000000019803800 Exception <a 'java/lang/ClassNotFoundException': com/android/build/gradle/internal/api/ApkVariantOutputImpl_DecoratedCustomizer> (0x00000000dc12d268) thrown at [C:\src\AOSP-openjdk-git\hotspot\src\share\vm\classfile\systemDictionary.cpp, line 210]
Event: 106.650 Thread 0x0000000019803800 Exception <a 'java/lang/NoSuchMethodError': java.lang.Object.lambda$static$0(Lorg/gradle/api/internal/tasks/TaskDependencyResolveContext;)V> (0x00000000dcbdfe80) thrown at [C:\src\AOSP-openjdk-git\hotspot\src\share\vm\interpreter\linkResolver.cpp, line 62
Event: 110.633 Thread 0x0000000019803800 Exception <a 'sun/nio/fs/WindowsException'> (0x00000000dd5885e0) thrown at [C:\src\AOSP-openjdk-git\hotspot\src\share\vm\prims\jni.cpp, line 710]
Event: 112.295 Thread 0x000000001b6c4800 Exception <a 'java/lang/NoSuchMethodError': java.lang.Object.lambda$comparingInt$7b0bb60$1(Ljava/util/function/ToIntFunction;Ljava/lang/Object;Ljava/lang/Object;)I> (0x00000000d59ea460) thrown at [C:\src\AOSP-openjdk-git\hotspot\src\share\vm\interpreter\l
Event: 114.391 Thread 0x0000000019803800 Exception <a 'java/lang/ClassNotFoundException': com/sun/org/glassfish/hk2/osgiresourcelocator/ServiceLoader> (0x00000000d588a828) thrown at [C:\src\AOSP-openjdk-git\hotspot\src\share\vm\classfile\systemDictionary.cpp, line 210]
Event: 119.411 Thread 0x0000000019803800 Exception <a 'java/lang/NullPointerException'> (0x00000000d5df3508) thrown at [C:\src\AOSP-openjdk-git\hotspot\src\share\vm\interpreter\linkResolver.cpp, line 1287]

Events (10 events):
Event: 124.558 loading class javax/xml/bind/annotation/adapters/XmlJavaTypeAdapter$DEFAULT
Event: 124.559 loading class javax/xml/bind/annotation/adapters/XmlJavaTypeAdapter$DEFAULT done
Event: 124.559 loading class com/android/repository/impl/meta/TrimStringAdapter
Event: 124.559 loading class com/android/repository/impl/meta/TrimStringAdapter done
Event: 124.560 loading class javax/xml/bind/annotation/adapters/XmlAdapter
Event: 124.560 loading class javax/xml/bind/annotation/adapters/XmlAdapter done
Event: 124.565 loading class com/sun/xml/bind/v2/model/core/Adapter
Event: 124.565 loading class com/sun/xml/bind/v2/model/core/Adapter done
Event: 124.567 loading class com/sun/xml/bind/v2/runtime/reflect/Utils
Event: 124.567 loading class com/sun/xml/bind/v2/runtime/reflect/Utils done


Dynamic libraries:
0x00007ff784050000 - 0x00007ff784081000 	C:\Program Files\Android\Android Studio\jre\bin\java.exe
0x00007ffb7d6d0000 - 0x00007ffb7d8c5000 	C:\WINDOWS\SYSTEM32\ntdll.dll
0x00007ffb7cb90000 - 0x00007ffb7cc4d000 	C:\WINDOWS\System32\KERNEL32.DLL
0x00007ffb7afd0000 - 0x00007ffb7b298000 	C:\WINDOWS\System32\KERNELBASE.dll
0x00007ffb7cf10000 - 0x00007ffb7cfbc000 	C:\WINDOWS\System32\ADVAPI32.dll
0x00007ffb7d5f0000 - 0x00007ffb7d68e000 	C:\WINDOWS\System32\msvcrt.dll
0x00007ffb7b740000 - 0x00007ffb7b7db000 	C:\WINDOWS\System32\sechost.dll
0x00007ffb7d1b0000 - 0x00007ffb7d2db000 	C:\WINDOWS\System32\RPCRT4.dll
0x00007ffb7cfc0000 - 0x00007ffb7d160000 	C:\WINDOWS\System32\USER32.dll
0x00007ffb7b610000 - 0x00007ffb7b632000 	C:\WINDOWS\System32\win32u.dll
0x00007ffb7cd30000 - 0x00007ffb7cd5a000 	C:\WINDOWS\System32\GDI32.dll
0x00007ffb7ae10000 - 0x00007ffb7af1b000 	C:\WINDOWS\System32\gdi32full.dll
0x00007ffb7b570000 - 0x00007ffb7b60d000 	C:\WINDOWS\System32\msvcp_win.dll
0x00007ffb7b640000 - 0x00007ffb7b740000 	C:\WINDOWS\System32\ucrtbase.dll
0x00007ffb6f720000 - 0x00007ffb6f9ba000 	C:\WINDOWS\WinSxS\amd64_microsoft.windows.common-controls_6595b64144ccf1df_6.0.19041.1052_none_60b8f8fd71f5e8cb\COMCTL32.dll
0x00007ffb7d170000 - 0x00007ffb7d1a0000 	C:\WINDOWS\System32\IMM32.DLL
0x000000006cd50000 - 0x000000006ce22000 	C:\Program Files\Android\Android Studio\jre\jre\bin\msvcr100.dll
0x000000006d210000 - 0x000000006da5b000 	C:\Program Files\Android\Android Studio\jre\jre\bin\server\jvm.dll
0x00007ffb7d1a0000 - 0x00007ffb7d1a8000 	C:\WINDOWS\System32\PSAPI.DLL
0x00007ffb751a0000 - 0x00007ffb751a9000 	C:\WINDOWS\SYSTEM32\WSOCK32.dll
0x00007ffb6c7b0000 - 0x00007ffb6c7d7000 	C:\WINDOWS\SYSTEM32\WINMM.dll
0x00007ffb7d390000 - 0x00007ffb7d3fb000 	C:\WINDOWS\System32\WS2_32.dll
0x00007ffb6c620000 - 0x00007ffb6c62a000 	C:\WINDOWS\SYSTEM32\VERSION.dll
0x00007ffb74ac0000 - 0x00007ffb74acf000 	C:\Program Files\Android\Android Studio\jre\jre\bin\verify.dll
0x00007ffb66b00000 - 0x00007ffb66b29000 	C:\Program Files\Android\Android Studio\jre\jre\bin\java.dll
0x00007ffb670b0000 - 0x00007ffb670c6000 	C:\Program Files\Android\Android Studio\jre\jre\bin\zip.dll
0x00007ffb7bcd0000 - 0x00007ffb7c40f000 	C:\WINDOWS\System32\SHELL32.dll
0x00007ffb78f60000 - 0x00007ffb796f0000 	C:\WINDOWS\SYSTEM32\windows.storage.dll
0x00007ffb7b840000 - 0x00007ffb7bb95000 	C:\WINDOWS\System32\combase.dll
0x00007ffb7a880000 - 0x00007ffb7a8ac000 	C:\WINDOWS\SYSTEM32\Wldp.dll
0x00007ffb7d2e0000 - 0x00007ffb7d38e000 	C:\WINDOWS\System32\SHCORE.dll
0x00007ffb7ccd0000 - 0x00007ffb7cd25000 	C:\WINDOWS\System32\shlwapi.dll
0x00007ffb7ad50000 - 0x00007ffb7ad6f000 	C:\WINDOWS\SYSTEM32\profapi.dll
0x00007ffb59fe0000 - 0x00007ffb59ffa000 	C:\Program Files\Android\Android Studio\jre\jre\bin\net.dll
0x00007ffb7a5f0000 - 0x00007ffb7a65a000 	C:\WINDOWS\system32\mswsock.dll
0x00007ffb59770000 - 0x00007ffb59783000 	C:\Program Files\Android\Android Studio\jre\jre\bin\nio.dll
0x00007ffb6f580000 - 0x00007ffb6f5a7000 	C:\Users\Hp\.gradle\native\f6784746aeab05261644944871eae4fe03e0ef1612fff0a4a95f87b438bc6780\windows-amd64\native-platform.dll
0x00007ffb73520000 - 0x00007ffb7352d000 	C:\Program Files\Android\Android Studio\jre\jre\bin\management.dll
0x00007ffb7a7c0000 - 0x00007ffb7a7d8000 	C:\WINDOWS\SYSTEM32\CRYPTSP.dll
0x00007ffb79f20000 - 0x00007ffb79f54000 	C:\WINDOWS\system32\rsaenh.dll
0x00007ffb7b540000 - 0x00007ffb7b567000 	C:\WINDOWS\System32\bcrypt.dll
0x00007ffb7ad10000 - 0x00007ffb7ad3e000 	C:\WINDOWS\SYSTEM32\USERENV.dll
0x00007ffb7b2a0000 - 0x00007ffb7b323000 	C:\WINDOWS\System32\bcryptprimitives.dll
0x00007ffb7a7e0000 - 0x00007ffb7a7ec000 	C:\WINDOWS\SYSTEM32\CRYPTBASE.dll
0x00007ffb7a290000 - 0x00007ffb7a2cb000 	C:\WINDOWS\SYSTEM32\IPHLPAPI.DLL
0x00007ffb7d160000 - 0x00007ffb7d168000 	C:\WINDOWS\System32\NSI.dll
0x00007ffb72750000 - 0x00007ffb72767000 	C:\WINDOWS\SYSTEM32\dhcpcsvc6.DLL
0x00007ffb72730000 - 0x00007ffb7274d000 	C:\WINDOWS\SYSTEM32\dhcpcsvc.DLL
0x00007ffb7a320000 - 0x00007ffb7a3ec000 	C:\WINDOWS\SYSTEM32\DNSAPI.dll
0x00007ffb72820000 - 0x00007ffb7282b000 	C:\WINDOWS\SYSTEM32\WINNSI.DLL

VM Arguments:
jvm_args: -Xmx2048m -Dfile.encoding=UTF-8 -Duser.country=US -Duser.language=en -Duser.variant 
java_command: org.gradle.launcher.daemon.bootstrap.GradleDaemon 6.5
java_class_path (initial): C:\Users\Hp\.gradle\wrapper\dists\gradle-6.5-all\2oz4ud9k3tuxjg84bbf55q0tn\gradle-6.5\lib\gradle-launcher-6.5.jar
Launcher Type: SUN_STANDARD

Environment Variables:
JAVA_HOME=C:\Program Files\Java\jdk1.8.0_291
PATH=C:\Program Files (x86)\Common Files\Oracle\Java\javapath;C:\Windows\System32;C:\src\flutter\bin;C:\Program Files\Git\bin\git.exe;C:\Program Files\Git\cmd;C:\Program Files\Java\jdk1.8.0_291\bin;C:\Program Files (x86)\BaseX\bin;C:\Users\Hp\AppData\Local\Programs\Python\Python38-32\Scripts\;C:\Users\Hp\AppData\Local\Programs\Python\Python38-32\;C:\Program Files\MySQL\MySQL Shell 8.0\bin\;C:\Users\Hp\AppData\Local\Microsoft\WindowsApps;C:\Users\Hp\AppData\Local\Programs\Microsoft VS Code\bin;C:\GnuWin32\bin;C:\src\flutter\bin;C:\Program Files\Git\bin;C:\Program Files\Git\bin\git.exe;C:\Program Files\Git\cmd;C:\Windows\System32\WindowsPowerShell\v1.0;C:\Users\Hp\AppData\Local\Programs\MiKTeX\miktex\bin\x64\
USERNAME=Hp
OS=Windows_NT
PROCESSOR_IDENTIFIER=Intel64 Family 6 Model 42 Stepping 7, GenuineIntel



---------------  S Y S T E M  ---------------

OS: Windows 10.0 , 64 bit Build 19041 (10.0.19041.1023)

CPU:total 4 (initial active 4) (2 cores per cpu, 2 threads per core) family 6 model 42 stepping 7, cmov, cx8, fxsr, mmx, sse, sse2, sse3, ssse3, sse4.1, sse4.2, popcnt, avx, aes, clmul, ht, tsc, tscinvbit

Memory: 4k page, physical 4127080k(368380k free), swap 10418536k(560k free)

vm_info: OpenJDK 64-Bit Server VM (25.242-b01) for windows-amd64 JRE (1.8.0_242-release-1644-b01), built by "builder" with MS VC++ 10.0 (VS2010)

time: Fri Jun 25 20:24:11 2021
timezone: W. Central Africa Standard Time
elapsed time: 125 seconds (0d 0h 2m 5s)

